0 info it worked if it ends with ok
1 verbose cli [ '/Users/Joesonw/.nvm/versions/node/v6.2.2/bin/node',
1 verbose cli   '/Users/Joesonw/.nvm/versions/node/v6.2.2/bin/npm',
1 verbose cli   'publish',
1 verbose cli   '--access',
1 verbose cli   'public' ]
2 info using npm@3.9.5
3 info using node@v6.2.2
4 verbose publish [ '.' ]
5 silly cache add args [ '.', null ]
6 verbose cache add spec .
7 silly cache add parsed spec Result {
7 silly cache add   raw: '.',
7 silly cache add   scope: null,
7 silly cache add   name: null,
7 silly cache add   rawSpec: '.',
7 silly cache add   spec: '/Users/Joesonw/t2ee/vader',
7 silly cache add   type: 'directory' }
8 verbose addLocalDirectory /Users/Joesonw/.npm/@t2ee/vader/0.0.3/package.tgz not in flight; packing
9 verbose correctMkdir /Users/Joesonw/.npm correctMkdir not in flight; initializing
10 info lifecycle @t2ee/vader@0.0.3~prepublish: @t2ee/vader@0.0.3
11 silly lifecycle @t2ee/vader@0.0.3~prepublish: no script for prepublish, continuing
12 verbose tar pack [ '/Users/Joesonw/.npm/@t2ee/vader/0.0.3/package.tgz',
12 verbose tar pack   '/Users/Joesonw/t2ee/vader' ]
13 verbose tarball /Users/Joesonw/.npm/@t2ee/vader/0.0.3/package.tgz
14 verbose folder /Users/Joesonw/t2ee/vader
15 verbose addLocalTarball adding from inside cache /Users/Joesonw/.npm/@t2ee/vader/0.0.3/package.tgz
16 verbose correctMkdir /Users/Joesonw/.npm correctMkdir not in flight; initializing
17 silly cache afterAdd @t2ee/vader@0.0.3
18 verbose afterAdd /Users/Joesonw/.npm/@t2ee/vader/0.0.3/package/package.json not in flight; writing
19 verbose correctMkdir /Users/Joesonw/.npm correctMkdir not in flight; initializing
20 verbose afterAdd /Users/Joesonw/.npm/@t2ee/vader/0.0.3/package/package.json written
21 silly publish { name: '@t2ee/vader',
21 silly publish   version: '0.0.3',
21 silly publish   description: 't2ee core component, router framework used on top of koa',
21 silly publish   main: 'dist/index.js',
21 silly publish   typings: 'dist/index.d.ts',
21 silly publish   scripts:
21 silly publish    { 'test-typescript': 'npm run build-index && rm -rf test-dist && tsc -p tsconfig.test.json',
21 silly publish      test: 'npm run test-typescript && npm run mocha',
21 silly publish      mocha: 'mocha test-dist/test/*.js --require source-map-support/register',
21 silly publish      coverage: 'npm run test-typescript && npm run istanbul',
21 silly publish      istanbul: 'istanbul cover _mocha test-dist/test/*.js',
21 silly publish      typescript: 'tsc -p tsconfig.json',
21 silly publish      'build-index': 'node tools/generate-index',
21 silly publish      replace: 'node tools/replace-definition-path',
21 silly publish      build: 'npm run build-index && npm run typescript' },
21 silly publish   dependencies:
21 silly publish    { '@types/chai': '^3.4.29',
21 silly publish      '@types/debug': '0.0.28',
21 silly publish      '@types/koa': '^2.0.29',
21 silly publish      '@types/lodash': '0.0.28',
21 silly publish      '@types/mocha': '^2.2.28',
21 silly publish      '@types/path-to-regexp': '^1.0.28',
21 silly publish      '@types/supertest': '^1.1.27',
21 silly publish      'app-module-path': '^1.1.0',
21 silly publish      'co-body': '^4.2.0',
21 silly publish      debug: '^2.2.0',
21 silly publish      formidable: '^1.0.17',
21 silly publish      koa: '^2.0.0',
21 silly publish      lodash: '^4.13.1',
21 silly publish      'path-to-regexp': '^1.5.3',
21 silly publish      'reflect-metadata': '^0.1.3',
21 silly publish      'source-map-support': '^0.4.2' },
21 silly publish   devDependencies:
21 silly publish    { chai: '^3.5.0',
21 silly publish      istanbul: '^0.4.5',
21 silly publish      mocha: '^3.0.2',
21 silly publish      'source-map-support': '^0.4.2',
21 silly publish      supertest: '^1.2.0',
21 silly publish      typedoc: '^0.4.5',
21 silly publish      typescript: '^2.1.0-dev.20160825' },
21 silly publish   engines: { node: '>=6.0.0' },
21 silly publish   keywords:
21 silly publish    [ 'koa',
21 silly publish      't2ee',
21 silly publish      'rest',
21 silly publish      'restful',
21 silly publish      'ts',
21 silly publish      'typescript',
21 silly publish      'jersey',
21 silly publish      'router',
21 silly publish      'middleware' ],
21 silly publish   author: { name: 'Qiaosen Huang' },
21 silly publish   license: 'MIT',
21 silly publish   directories: { test: 'test' },
21 silly publish   repository: { type: 'git', url: 'git+https://github.com/t2ee/vader.git' },
21 silly publish   bugs: { url: 'https://github.com/t2ee/vader/issues' },
21 silly publish   homepage: 'https://github.com/t2ee/vader#readme',
21 silly publish   readme: '[![Node version][node-image]][npm-url]\n[![NPM version][npm-image]][npm-url]\n[![build status][travis-image]][travis-url]\n[![Test coverage][coveralls-image]][coveralls-url]\n\n## Installation\n\n```\n$ npm install koa@next @types/koa @t2ee/vader --save\n```\n\n## Introduction\n\nThis is the core component of t2ee, the routing service.\n\nMore documentations will be added soon, for immediate access to all features, please refer to the declaration file.\n\nPRs and Issues are welcome\n\n\n\n[npm-image]: https://img.shields.io/npm/v/@t2ee/vader.svg?style=flat-square\n[npm-url]: https://www.npmjs.com/package/@t2ee/vader\n[node-image]: https://img.shields.io/node/v/@t2ee/vader.svg?style=flat-square\n[travis-image]: https://img.shields.io/travis/t2ee/vader/master.svg?style=flat-square\n[travis-url]: https://travis-ci.org/t2ee/vader\n[coveralls-image]: https://img.shields.io/coveralls/t2ee/vader/master.svg?style=flat-square\n[coveralls-url]: https://coveralls.io/r/t2ee/vader?branch=master\n',
21 silly publish   readmeFilename: 'README.md',
21 silly publish   gitHead: 'c45775338b4a9434a78425797187d5398709476b',
21 silly publish   _id: '@t2ee/vader@0.0.3',
21 silly publish   _shasum: '5b14356f19149f4f6580b276eb49e3934ef9b7a0',
21 silly publish   _from: '.' }
22 verbose getPublishConfig undefined
23 silly mapToRegistry name @t2ee/vader
24 silly mapToRegistry scope (from package name) @t2ee
25 verbose mapToRegistry no registry URL found in name for scope @t2ee
26 silly mapToRegistry using default registry
27 silly mapToRegistry registry https://registry.npmjs.org/
28 silly mapToRegistry data Result {
28 silly mapToRegistry   raw: '@t2ee/vader',
28 silly mapToRegistry   scope: '@t2ee',
28 silly mapToRegistry   name: '@t2ee/vader',
28 silly mapToRegistry   rawSpec: '',
28 silly mapToRegistry   spec: 'latest',
28 silly mapToRegistry   type: 'tag' }
29 silly mapToRegistry uri https://registry.npmjs.org/@t2ee%2fvader
30 verbose publish registryBase https://registry.npmjs.org/
31 silly publish uploading /Users/Joesonw/.npm/@t2ee/vader/0.0.3/package.tgz
32 verbose request uri https://registry.npmjs.org/@t2ee%2fvader
33 verbose request sending authorization for write operation
34 info attempt registry request try #1 at 3:58:56 PM
35 verbose request using bearer token for auth
36 verbose request id 0f64288bbcce9975
37 http request PUT https://registry.npmjs.org/@t2ee%2fvader
38 http 403 https://registry.npmjs.org/@t2ee%2fvader
39 verbose headers { 'content-type': 'application/json',
39 verbose headers   'cache-control': 'max-age=0',
39 verbose headers   'content-length': '128',
39 verbose headers   'accept-ranges': 'bytes',
39 verbose headers   date: 'Thu, 08 Sep 2016 07:59:02 GMT',
39 verbose headers   via: '1.1 varnish',
39 verbose headers   connection: 'keep-alive',
39 verbose headers   'x-served-by': 'cache-ams4444-AMS',
39 verbose headers   'x-cache': 'MISS',
39 verbose headers   'x-cache-hits': '0',
39 verbose headers   'x-timer': 'S1473321540.283296,VS0,VE2243' }
40 verbose request invalidating /Users/Joesonw/.npm/registry.npmjs.org/_40t2ee_252fvader on PUT
41 error publish Failed PUT 403
42 verbose stack Error: "You cannot publish over the previously published version 0.0.3. Try bumping the version to 1.0.0" : @t2ee/vader
42 verbose stack     at makeError (/Users/Joesonw/.nvm/versions/node/v6.2.2/lib/node_modules/npm/node_modules/npm-registry-client/lib/request.js:264:12)
42 verbose stack     at CachingRegistryClient.<anonymous> (/Users/Joesonw/.nvm/versions/node/v6.2.2/lib/node_modules/npm/node_modules/npm-registry-client/lib/request.js:252:14)
42 verbose stack     at Request._callback (/Users/Joesonw/.nvm/versions/node/v6.2.2/lib/node_modules/npm/node_modules/npm-registry-client/lib/request.js:172:14)
42 verbose stack     at Request.self.callback (/Users/Joesonw/.nvm/versions/node/v6.2.2/lib/node_modules/npm/node_modules/request/request.js:200:22)
42 verbose stack     at emitTwo (events.js:106:13)
42 verbose stack     at Request.emit (events.js:191:7)
42 verbose stack     at Request.<anonymous> (/Users/Joesonw/.nvm/versions/node/v6.2.2/lib/node_modules/npm/node_modules/request/request.js:1067:10)
42 verbose stack     at emitOne (events.js:101:20)
42 verbose stack     at Request.emit (events.js:188:7)
42 verbose stack     at IncomingMessage.<anonymous> (/Users/Joesonw/.nvm/versions/node/v6.2.2/lib/node_modules/npm/node_modules/request/request.js:988:12)
43 verbose statusCode 403
44 verbose pkgid @t2ee/vader
45 verbose cwd /Users/Joesonw/t2ee/vader
46 error Darwin 15.4.0
47 error argv "/Users/Joesonw/.nvm/versions/node/v6.2.2/bin/node" "/Users/Joesonw/.nvm/versions/node/v6.2.2/bin/npm" "publish" "--access" "public"
48 error node v6.2.2
49 error npm  v3.9.5
50 error code E403
51 error "You cannot publish over the previously published version 0.0.3. Try bumping the version to 1.0.0" : @t2ee/vader
52 error If you need help, you may report this error at:
52 error     <https://github.com/npm/npm/issues>
53 verbose exit [ 1, true ]
